<?xml version="1.0" encoding="UTF-8"?>
<testsuite name="MoonTest" tests="1" skipped="0" failures="0" errors="0" timestamp="2021-06-04T21:03:45" hostname="DESKTOP-V9FPTKH" time="0.019">
  <properties/>
  <testcase name="testHello()" classname="MoonTest" time="0.019"/>
  <system-out><![CDATA[]]></system-out>
  <system-err><![CDATA[]]></system-err>
</testsuite>
